2025-05-20 21:41:37,365 - data_preprocessing - DEBUG - Data loaded properly
2025-05-20 21:41:37,365 - data_preprocessing - DEBUG - Starting preprocessing for DataFrame
2025-05-20 21:41:37,367 - data_preprocessing - DEBUG - Target column encoded
2025-05-20 21:41:37,386 - data_preprocessing - DEBUG - Duplicates removed
2025-05-20 21:44:10,165 - data_preprocessing - DEBUG - Text column transformed
2025-05-20 21:44:10,165 - data_preprocessing - DEBUG - Starting preprocessing for DataFrame
2025-05-20 21:44:10,165 - data_preprocessing - DEBUG - Target column encoded
2025-05-20 21:44:10,181 - data_preprocessing - DEBUG - Duplicates removed
2025-05-20 21:44:51,127 - data_preprocessing - DEBUG - Text column transformed
2025-05-20 21:44:51,244 - data_preprocessing - DEBUG - Processed data saved to ./data\interim
2025-05-21 01:59:20,894 - data_preprocessing - DEBUG - Data loaded properly
2025-05-21 01:59:20,895 - data_preprocessing - DEBUG - Starting preprocessing for DataFrame
2025-05-21 01:59:20,897 - data_preprocessing - DEBUG - Target column encoded
2025-05-21 01:59:20,924 - data_preprocessing - DEBUG - Duplicates removed
2025-05-21 02:01:56,638 - data_preprocessing - DEBUG - Text column transformed
2025-05-21 02:01:56,638 - data_preprocessing - DEBUG - Starting preprocessing for DataFrame
2025-05-21 02:01:56,638 - data_preprocessing - DEBUG - Target column encoded
2025-05-21 02:01:56,638 - data_preprocessing - DEBUG - Duplicates removed
2025-05-21 02:02:36,377 - data_preprocessing - DEBUG - Text column transformed
2025-05-21 02:02:36,485 - data_preprocessing - DEBUG - Processed data saved to ./data\interim
2025-05-21 02:03:01,338 - data_preprocessing - DEBUG - Data loaded properly
2025-05-21 02:03:01,339 - data_preprocessing - DEBUG - Starting preprocessing for DataFrame
2025-05-21 02:03:01,341 - data_preprocessing - DEBUG - Target column encoded
2025-05-21 02:03:01,354 - data_preprocessing - DEBUG - Duplicates removed
2025-05-21 02:05:34,099 - data_preprocessing - DEBUG - Text column transformed
2025-05-21 02:05:34,099 - data_preprocessing - DEBUG - Starting preprocessing for DataFrame
2025-05-21 02:05:34,099 - data_preprocessing - DEBUG - Target column encoded
2025-05-21 02:05:34,099 - data_preprocessing - DEBUG - Duplicates removed
2025-05-21 02:06:13,159 - data_preprocessing - DEBUG - Text column transformed
2025-05-21 02:06:13,258 - data_preprocessing - DEBUG - Processed data saved to ./data\interim
