2025-05-20 21:48:55,174 - feature_engineering - ERROR - File not found: params.yaml
2025-05-20 21:48:55,174 - feature_engineering - ERROR - Failed to complete the feature engineering process: [Errno 2] No such file or directory: 'params.yaml'
2025-05-20 21:50:56,501 - feature_engineering - DEBUG - Data loaded and NaNs filled from ./data/interim/train_processed.csv
2025-05-20 21:50:56,521 - feature_engineering - DEBUG - Data loaded and NaNs filled from ./data/interim/test_processed.csv
2025-05-20 21:50:56,955 - feature_engineering - DEBUG - tfidf applied and data transformed
2025-05-20 21:50:57,117 - feature_engineering - DEBUG - Data saved to ./data\processed\train_tfidf.csv
2025-05-20 21:50:57,156 - feature_engineering - DEBUG - Data saved to ./data\processed\test_tfidf.csv
2025-05-21 02:06:15,578 - feature_engineering - DEBUG - Data loaded and NaNs filled from ./data/interim/train_processed.csv
2025-05-21 02:06:15,601 - feature_engineering - DEBUG - Data loaded and NaNs filled from ./data/interim/test_processed.csv
2025-05-21 02:06:16,040 - feature_engineering - DEBUG - tfidf applied and data transformed
2025-05-21 02:06:16,192 - feature_engineering - DEBUG - Data saved to ./data\processed\train_tfidf.csv
2025-05-21 02:06:16,239 - feature_engineering - DEBUG - Data saved to ./data\processed\test_tfidf.csv
2025-05-21 02:06:40,007 - feature_engineering - DEBUG - Data loaded and NaNs filled from ./data/interim/train_processed.csv
2025-05-21 02:06:40,011 - feature_engineering - DEBUG - Data loaded and NaNs filled from ./data/interim/test_processed.csv
2025-05-21 02:06:40,453 - feature_engineering - DEBUG - tfidf applied and data transformed
2025-05-21 02:06:40,589 - feature_engineering - DEBUG - Data saved to ./data\processed\train_tfidf.csv
2025-05-21 02:06:40,627 - feature_engineering - DEBUG - Data saved to ./data\processed\test_tfidf.csv
2025-05-22 14:21:06,381 - feature_engineering - ERROR - Failed to complete the feature engineering process: load_params() got an unexpected keyword argument 'param_path'
2025-05-22 14:24:31,199 - feature_engineering - DEBUG - Parameters retrieved from params.yaml
2025-05-22 14:24:31,199 - feature_engineering - DEBUG - Max features for TF-IDF: 50
2025-05-22 14:24:31,251 - feature_engineering - DEBUG - Data loaded and NaNs filled from ./data/interim/train_processed.csv
2025-05-22 14:24:31,288 - feature_engineering - DEBUG - Data loaded and NaNs filled from ./data/interim/test_processed.csv
2025-05-22 14:24:34,291 - feature_engineering - DEBUG - tfidf applied and data transformed
2025-05-22 14:24:34,442 - feature_engineering - DEBUG - Data saved to ./data\processed\train_tfidf.csv
2025-05-22 14:24:34,473 - feature_engineering - DEBUG - Data saved to ./data\processed\test_tfidf.csv
